build/app/outputs/mapping/release/mapping.txt
# compiler: R8
# compiler_version: 1.5.69
# min_api: 21
# pg_map_id: 84be4ee
com.icati.icati_app.MainActivity -> com.icati.icati_app.MainActivity:
    void configureFlutterEngine(io.flutter.embedding.engine.FlutterEngine) -> b
...
com.google.firebase.components.ComponentRegistrar -> com.google.firebase.components.q:
com.google.firebase.components.ComponentRuntime -> com.google.firebase.components.r:
    java.util.Map components -> a
    java.util.Map lazyInstanceMap -> b
    com.google.firebase.components.EventBus eventBus -> e
    com.google.firebase.inject.Provider EMPTY_PROVIDER -> g
    java.util.Map lazySetMap -> c
    java.util.List unprocessedRegistrarProviders -> d
    java.util.concurrent.atomic.AtomicReference eagerComponentsInitializedWith -> f
    com.google.firebase.components.ComponentRuntime$Builder builder(java.util.concurrent.Executor) -> a
    void discoverComponents(java.util.List) -> a
    void doInitializeEagerComponents(java.util.Map,boolean) -> a
    java.lang.Object get(java.lang.Class) -> a
    void initializeEagerComponents(boolean) -> a
    java.util.List iterableToList(java.lang.Iterable) -> a
    java.lang.Object lambda$discoverComponents$0(com.google.firebase.components.Component) -> a
    void lambda$processInstanceComponents$2(com.google.firebase.components.OptionalProvider,com.google.firebase.inject.Provider) -> a
    void lambda$processSetComponents$3(com.google.firebase.components.LazySet,com.google.firebase.inject.Provider) -> a
    void maybeInitializeEagerComponents() -> a
    void processDependencies() -> b
    java.util.List processInstanceComponents(java.util.List) -> b
    java.util.Set setOf(java.lang.Class) -> b
    com.google.firebase.inject.Provider getProvider(java.lang.Class) -> c
    java.util.List processSetComponents() -> c
com.google.firebase.components.ComponentRuntime$1 -> com.google.firebase.components.r$a:
com.google.firebase.components.ComponentRuntime$Builder -> com.google.firebase.components.r$b:
    java.util.List lazyRegistrars -> b
    java.util.concurrent.Executor defaultExecutor -> a
    java.util.List additionalComponents -> c
    com.google.firebase.components.ComponentRuntime$Builder addComponent(com.google.firebase.components.Component) -> a
    com.google.firebase.components.ComponentRuntime$Builder addComponentRegistrar(com.google.firebase.components.ComponentRegistrar) -> a
    com.google.firebase.components.ComponentRuntime$Builder addLazyComponentRegistrars(java.util.Collection) -> a
    com.google.firebase.components.ComponentRuntime build() -> a
    com.google.firebase.components.ComponentRegistrar lambda$addComponentRegistrar$0(com.google.firebase.components.ComponentRegistrar) -> b
com.google.firebase.components.CycleDetector -> com.google.firebase.components.s:
    void detect(java.util.List) -> a
    java.util.Set getRoots(java.util.Set) -> a
    java.util.Set toGraph(java.util.List) -> b
com.google.firebase.components.CycleDetector$1 -> com.google.firebase.components.s$a:
com.google.firebase.components.CycleDetector$ComponentNode -> com.google.firebase.components.s$b:
    java.util.Set dependents -> c
    com.google.firebase.components.Component component -> a
    java.util.Set dependencies -> b
    void addDependency(com.google.firebase.components.CycleDetector$ComponentNode) -> a
    com.google.firebase.components.Component getComponent() -> a
    void addDependent(com.google.firebase.components.CycleDetector$ComponentNode) -> b
    java.util.Set getDependencies() -> b
    boolean isLeaf() -> c
    void removeDependent(com.google.firebase.components.CycleDetector$ComponentNode) -> c
    boolean isRoot() -> d
com.google.firebase.components.CycleDetector$Dep -> com.google.firebase.components.s$c:
    java.lang.Class anInterface -> a
    boolean set -> b
    boolean access$100(com.google.firebase.components.CycleDetector$Dep) -> a